###############################################################
#  Generated by:      Cadence Innovus 19.17-s077_1
#  OS:                Linux x86_64(Host ID seneca1.eecs.utk.edu)
#  Generated on:      Thu Jun 10 18:55:40 2021
#  Design:            DPE
#  Command:           verifyConnectivity -type all -error 1000 -warning 50
###############################################################
Verify Connectivity Report is created on Thu Jun 10 18:55:40 2021




Multi-CPU acceleration using 32 CPU


Use pthread

Net gnd!, Pin Pin: sram/gnd!; Direction: INPUT; Use: GROUND;: has an unconnected terminal at (237.630, 161.987) (240.348, 164.707)
Net gnd!: has special routes with opens at (6.200, 6.200) (734.320, 590.160)
Net vdd!, Pin Pin: sram/vdd!; Direction: INPUT; Use: POWER;: has an unconnected terminal at (237.630, 34.447) (240.348, 37.167)
Net vdd!, Pin Pin: sram/vdd!; Direction: INPUT; Use: POWER;: has an unconnected terminal at (42.558, 34.447) (45.276, 37.167)
Net vdd!: has special routes with opens at (2.200, 2.200) (738.320, 594.160)

Begin Summary
    3 Problem(s) (IMPVFC-96): Terminal(s) are not connected.
    2 Problem(s) (IMPVFC-200): Special Wires: Pieces of the net are not connected together.
    5 total info(s) created.
End Summary
